{
  "stats": {
    "suites": 1,
    "tests": 10,
    "passes": 10,
    "pending": 0,
    "failures": 0,
    "start": "2021-05-28T18:07:14.675Z",
    "end": "2021-05-28T18:07:20.665Z",
    "duration": 5990,
    "testsRegistered": 10,
    "passPercent": 100,
    "pendingPercent": 0,
    "other": 0,
    "hasOther": false,
    "skipped": 0,
    "hasSkipped": false
  },
  "results": [
    {
      "uuid": "6598e98f-051a-4fac-83b3-480eacaa2074",
      "title": "",
      "fullFile": "cypress/integration/tests.spec.js",
      "file": "cypress/integration/tests.spec.js",
      "beforeHooks": [],
      "afterHooks": [],
      "tests": [],
      "suites": [
        {
          "uuid": "72021afd-4041-46ec-8a09-4cab4e7761c6",
          "title": "Assignment 04 - Karl-Johan Käll",
          "fullFile": "",
          "file": "",
          "beforeHooks": [],
          "afterHooks": [],
          "tests": [
            {
              "title": "Login",
              "fullTitle": "Assignment 04 - Karl-Johan Käll Login",
              "timedOut": null,
              "duration": 674,
              "state": "passed",
              "speed": "slow",
              "pass": true,
              "fail": false,
              "pending": false,
              "context": null,
              "code": "cy.authenticate().then(response => {\n  cy.log(JSON.stringify(response.body));\n});",
              "err": {},
              "uuid": "cd339587-3b93-460b-9ebb-ad01e83b5f69",
              "parentUUID": "72021afd-4041-46ec-8a09-4cab4e7761c6",
              "isHook": false,
              "skipped": false
            },
            {
              "title": "Logout",
              "fullTitle": "Assignment 04 - Karl-Johan Käll Logout",
              "timedOut": null,
              "duration": 715,
              "state": "passed",
              "speed": "slow",
              "pass": true,
              "fail": false,
              "pending": false,
              "context": null,
              "code": "cy.authenticate();\ncy.exit().then(response => {\n  cy.log(JSON.stringify(response.body));\n});",
              "err": {},
              "uuid": "cac76c90-a138-41ba-91f8-5d1f74174fff",
              "parentUUID": "72021afd-4041-46ec-8a09-4cab4e7761c6",
              "isHook": false,
              "skipped": false
            },
            {
              "title": "Get Rooms",
              "fullTitle": "Assignment 04 - Karl-Johan Käll Get Rooms",
              "timedOut": null,
              "duration": 551,
              "state": "passed",
              "speed": "slow",
              "pass": true,
              "fail": false,
              "pending": false,
              "context": null,
              "code": "cy.authenticate().then(response => {\n  room.getRooms();\n  cy.exit();\n});",
              "err": {},
              "uuid": "f48c612b-8f4b-40b6-bcdd-18db4ee6c185",
              "parentUUID": "72021afd-4041-46ec-8a09-4cab4e7761c6",
              "isHook": false,
              "skipped": false
            },
            {
              "title": "Get Room",
              "fullTitle": "Assignment 04 - Karl-Johan Käll Get Room",
              "timedOut": null,
              "duration": 594,
              "state": "passed",
              "speed": "slow",
              "pass": true,
              "fail": false,
              "pending": false,
              "context": null,
              "code": "cy.authenticate().then(response => {\n  room.getRoom(1);\n  cy.exit();\n});",
              "err": {},
              "uuid": "8dda53ba-049d-4a45-9f23-24f95dc88c69",
              "parentUUID": "72021afd-4041-46ec-8a09-4cab4e7761c6",
              "isHook": false,
              "skipped": false
            },
            {
              "title": "Create Room",
              "fullTitle": "Assignment 04 - Karl-Johan Käll Create Room",
              "timedOut": null,
              "duration": 548,
              "state": "passed",
              "speed": "slow",
              "pass": true,
              "fail": false,
              "pending": false,
              "context": null,
              "code": "cy.authenticate().then(response => {\n  room.createRoom(room.createRoomValues);\n  cy.exit();\n});",
              "err": {},
              "uuid": "3fd9ba1c-e50b-4fdf-800a-d48a92a2cd99",
              "parentUUID": "72021afd-4041-46ec-8a09-4cab4e7761c6",
              "isHook": false,
              "skipped": false
            },
            {
              "title": "Edit Room",
              "fullTitle": "Assignment 04 - Karl-Johan Käll Edit Room",
              "timedOut": null,
              "duration": 561,
              "state": "passed",
              "speed": "slow",
              "pass": true,
              "fail": false,
              "pending": false,
              "context": null,
              "code": "cy.authenticate().then(response => {\n  room.createRoom(room.createRoomValues);\n  room.editRoom(room.createRoomValues);\n  cy.exit();\n});",
              "err": {},
              "uuid": "fb01919b-6eba-4db9-a2c5-5294439dd860",
              "parentUUID": "72021afd-4041-46ec-8a09-4cab4e7761c6",
              "isHook": false,
              "skipped": false
            },
            {
              "title": "Delete Room",
              "fullTitle": "Assignment 04 - Karl-Johan Käll Delete Room",
              "timedOut": null,
              "duration": 570,
              "state": "passed",
              "speed": "slow",
              "pass": true,
              "fail": false,
              "pending": false,
              "context": null,
              "code": "cy.authenticate().then(response => {\n  room.createRoom();\n  room.deleteRoom();\n  cy.exit();\n});",
              "err": {},
              "uuid": "0a4f0123-d88c-442f-9c19-c90574002d72",
              "parentUUID": "72021afd-4041-46ec-8a09-4cab4e7761c6",
              "isHook": false,
              "skipped": false
            },
            {
              "title": "Create Client",
              "fullTitle": "Assignment 04 - Karl-Johan Käll Create Client",
              "timedOut": null,
              "duration": 549,
              "state": "passed",
              "speed": "slow",
              "pass": true,
              "fail": false,
              "pending": false,
              "context": null,
              "code": "cy.authenticate().then(response => {\n  client.createClient(client.createClientValues);\n  cy.exit();\n});",
              "err": {},
              "uuid": "0201a80b-0f1f-4a4d-a4b8-62715f208156",
              "parentUUID": "72021afd-4041-46ec-8a09-4cab4e7761c6",
              "isHook": false,
              "skipped": false
            },
            {
              "title": "Edit Client",
              "fullTitle": "Assignment 04 - Karl-Johan Käll Edit Client",
              "timedOut": null,
              "duration": 565,
              "state": "passed",
              "speed": "slow",
              "pass": true,
              "fail": false,
              "pending": false,
              "context": null,
              "code": "cy.authenticate().then(response => {\n  client.createClient(client.createClientValues);\n  client.editClient(client.createClientValues);\n  cy.exit();\n});",
              "err": {},
              "uuid": "1de4e76b-ad02-47b1-a331-8fa07a84dc44",
              "parentUUID": "72021afd-4041-46ec-8a09-4cab4e7761c6",
              "isHook": false,
              "skipped": false
            },
            {
              "title": "Delete Client",
              "fullTitle": "Assignment 04 - Karl-Johan Käll Delete Client",
              "timedOut": null,
              "duration": 555,
              "state": "passed",
              "speed": "slow",
              "pass": true,
              "fail": false,
              "pending": false,
              "context": null,
              "code": "cy.authenticate().then(response => {\n  client.createClient();\n  client.deleteClient();\n  cy.exit();\n});",
              "err": {},
              "uuid": "0f8bd270-f785-4a34-9b73-75fc4fe0ceb5",
              "parentUUID": "72021afd-4041-46ec-8a09-4cab4e7761c6",
              "isHook": false,
              "skipped": false
            }
          ],
          "suites": [],
          "passes": [
            "cd339587-3b93-460b-9ebb-ad01e83b5f69",
            "cac76c90-a138-41ba-91f8-5d1f74174fff",
            "f48c612b-8f4b-40b6-bcdd-18db4ee6c185",
            "8dda53ba-049d-4a45-9f23-24f95dc88c69",
            "3fd9ba1c-e50b-4fdf-800a-d48a92a2cd99",
            "fb01919b-6eba-4db9-a2c5-5294439dd860",
            "0a4f0123-d88c-442f-9c19-c90574002d72",
            "0201a80b-0f1f-4a4d-a4b8-62715f208156",
            "1de4e76b-ad02-47b1-a331-8fa07a84dc44",
            "0f8bd270-f785-4a34-9b73-75fc4fe0ceb5"
          ],
          "failures": [],
          "pending": [],
          "skipped": [],
          "duration": 5882,
          "root": false,
          "rootEmpty": false,
          "_timeout": 2000
        }
      ],
      "passes": [],
      "failures": [],
      "pending": [],
      "skipped": [],
      "duration": 0,
      "root": true,
      "rootEmpty": true,
      "_timeout": 2000
    }
  ],
  "meta": {
    "mocha": {
      "version": "7.0.1"
    },
    "mochawesome": {
      "options": {
        "quiet": false,
        "reportFilename": "mochawesome",
        "saveHtml": true,
        "saveJson": true,
        "consoleReporter": "spec",
        "useInlineDiffs": false,
        "code": true
      },
      "version": "6.2.2"
    },
    "marge": {
      "options": null,
      "version": "5.2.0"
    }
  }
}